2025-11-28T19:42:37.871Z [ERROR] Failed Test Page: Request failed with status code 503
2025-11-28T19:45:14.392Z [ERROR] Failed Test Page: Request failed with status code 403
2025-11-28T19:45:39.754Z [ERROR] Failed swinerton: Request failed with status code 403
2025-11-28T19:45:56.531Z [ERROR] Failed swinerton: Request failed with status code 403
2025-11-28T19:46:01.269Z [ERROR] Failed swinerton: Unsupported protocol ttps:
2025-11-28T19:46:14.440Z [ERROR] Failed swinerton: Request failed with status code 403
2025-11-28T19:47:19.301Z [ERROR] Failed swinerton: Request failed with status code 403
2025-11-28T19:47:44.822Z [ERROR] Failed Miami-Dade County – Recent Permits (LIVE & WORKING): unable to verify the first certificate; if the root CA is installed locally, try running Node.js with --use-system-ca
2025-11-28T19:50:00.610Z [ERROR] Failed Miami-Dade County – Recent Permits (LIVE & WORKING): unable to verify the first certificate; if the root CA is installed locally, try running Node.js with --use-system-ca
2025-11-28T19:53:09.173Z [ERROR] Failed Greystar – Development Pipeline (National): Request failed with status code 404
2025-11-28T19:53:10.741Z [ERROR] Failed Greystar – Featured Properties & Communities: Request failed with status code 404
2025-11-28T19:53:11.485Z [ERROR] Failed Greystar – Under Construction Projects: Request failed with status code 404
2025-11-28T19:53:53.853Z [ERROR] Failed Greystar – Development Pipeline (National): Request failed with status code 404
2025-11-28T19:53:54.305Z [ERROR] Failed Greystar – Featured Properties & Communities: Request failed with status code 404
2025-11-28T19:53:54.722Z [ERROR] Failed Greystar – Under Construction Projects: Request failed with status code 404
2025-11-28T19:55:01.030Z [ERROR] Failed Greystar – Development Pipeline (National): Request failed with status code 404
2025-11-28T19:55:01.281Z [ERROR] Failed Greystar – Featured Properties & Communities: Request failed with status code 404
2025-11-28T19:55:01.470Z [ERROR] Failed Greystar – Under Construction Projects: Request failed with status code 404
2025-11-28T19:55:34.256Z [ERROR] Failed Greystar – Featured Properties & Communities: Request failed with status code 404
2025-11-28T19:55:34.688Z [ERROR] Failed Greystar – Under Construction Projects: Request failed with status code 404
2025-11-28T19:58:42.535Z [ERROR] Failed Miami-Dade County – Real Permits (LIVE): unable to verify the first certificate; if the root CA is installed locally, try running Node.js with --use-system-ca
2025-11-28T20:00:01.026Z [ERROR] Failed Miami-Dade County – Real Permits (LIVE): unable to verify the first certificate; if the root CA is installed locally, try running Node.js with --use-system-ca
2025-11-28T20:00:20.031Z [ERROR] Failed Miami-Dade County – Real Permits (LIVE): unable to verify the first certificate; if the root CA is installed locally, try running Node.js with --use-system-ca
2025-11-28T20:04:28.238Z [ERROR] Failed Palm Beach County FL: Request failed with status code 404
2025-11-28T20:05:01.537Z [ERROR] Failed Palm Beach County FL: Request failed with status code 404
2025-11-28T20:06:58.167Z [ERROR] Failed Palm Beach County FL: Invalid URL
2025-11-28T20:09:10.964Z [ERROR] Failed Austin TX – Construction Permits (Last 30 Days – Real Data): Request failed with status code 400
2025-11-28T20:10:22.296Z [ERROR] Failed Austin TX – Construction Permits (Last 30 Days – Real Data): Request failed with status code 400
2025-11-28T20:12:15.515Z [ERROR] Failed Austin TX – Construction Permits (Last 30 Days – Real Data): Request failed with status code 400
2025-11-28T20:13:44.508Z [ERROR] Failed Austin TX – Construction Permits (Last 30 Days – Real Data): Request failed with status code 400
2025-11-28T20:15:00.810Z [ERROR] Failed Austin TX – Construction Permits (Last 30 Days – Real Data): Request failed with status code 400
2025-11-28T20:18:33.421Z [ERROR] Failed Austin TX – Construction Permits (LIVE & WORKING 100%): Request failed with status code 400
2025-11-28T20:18:50.764Z [ERROR] Failed Austin TX – Construction Permits (LIVE & WORKING 100%): Request failed with status code 400
2025-11-28T20:19:38.235Z [ERROR] Failed Austin TX – Construction Permits (LIVE & WORKING 100%): Request failed with status code 400
2025-11-28T20:20:00.615Z [ERROR] Failed Austin TX – Construction Permits (LIVE & WORKING 100%): Request failed with status code 400
2025-11-28T20:20:41.423Z [ERROR] Failed Austin TX – Construction Permits (Last 30 Days – Fixed API): Request failed with status code 400
2025-11-28T20:20:51.511Z [ERROR] Failed Austin TX – Construction Permits (Last 30 Days – Fixed API): Request failed with status code 400
2025-11-28T20:21:06.487Z [ERROR] Failed Austin TX – Construction Permits (Last 30 Days – Fixed API): Request failed with status code 400
2025-11-28T20:21:32.784Z [ERROR] Failed Austin TX – Issued Construction Permits (Live API – Fixed): Request failed with status code 400
2025-11-28T20:22:05.119Z [ERROR] Failed Austin TX – Issued Construction Permits (Live API – Fixed): Request failed with status code 400
2025-11-28T20:25:01.170Z [ERROR] Failed Austin TX – Issued Construction Permits (Live API – Fixed): Request failed with status code 400
2025-11-28T20:50:00.581Z [ERROR] Failed Test Page: Request failed with status code 503
2025-11-30T05:54:13.362Z [ERROR] Failed California Department of Tax and Fee Administration - Permits & Licenses: Request failed with status code 403
2025-11-30T05:55:02.976Z [ERROR] Failed California Department of Tax and Fee Administration - Permits & Licenses: Request failed with status code 403
2025-11-30T05:59:57.041Z [ERROR] Failed California Department of Tax and Fee Administration - Permits & Licenses: Request failed with status code 403
2025-11-30T05:59:57.253Z [ERROR] Failed California Department of Tax and Fee Administration - Permits & Licenses: Request failed with status code 403
2025-11-30T06:00:01.881Z [ERROR] Failed California Department of Tax and Fee Administration - Permits & Licenses: Request failed with status code 403
2025-11-30T06:00:02.093Z [ERROR] Failed California Department of Tax and Fee Administration - Permits & Licenses: Request failed with status code 403
2025-11-30T06:00:09.646Z [ERROR] Failed California Department of Tax and Fee Administration - Permits & Licenses: Request failed with status code 403
2025-11-30T06:00:09.861Z [ERROR] Failed California Department of Tax and Fee Administration - Permits & Licenses: Request failed with status code 403
2025-11-30T06:00:21.012Z [ERROR] Failed California Department of Tax and Fee Administration - Permits & Licenses: Request failed with status code 403
2025-11-30T06:00:21.231Z [ERROR] Failed California Department of Tax and Fee Administration - Permits & Licenses: Empty sub-selector
2025-11-30T06:00:45.130Z [ERROR] Failed California Department of Tax and Fee Administration - Permits & Licenses: Request failed with status code 403
2025-11-30T06:00:45.643Z [ERROR] Failed not cali: Empty sub-selector
2025-11-30T06:05:03.547Z [ERROR] Failed California Department of Tax and Fee Administration - Permits & Licenses: Request failed with status code 403
2025-11-30T06:05:04.131Z [ERROR] Failed not cali: Empty sub-selector
2025-11-30T06:10:03.662Z [ERROR] Failed California Department of Tax and Fee Administration - Permits & Licenses: Request failed with status code 403
2025-11-30T06:10:04.144Z [ERROR] Failed not cali: Empty sub-selector
2025-11-30T06:11:53.950Z [ERROR] Failed California Department of Tax and Fee Administration - Permits & Licenses: Request failed with status code 403
2025-11-30T06:11:54.249Z [ERROR] Failed not cali: Unmatched selector: ="cbre-c-gridCard__title-link CoveoResultLink"
2025-11-30T06:12:21.651Z [ERROR] Failed California Department of Tax and Fee Administration - Permits & Licenses: Request failed with status code 403
2025-11-30T06:12:21.801Z [ERROR] Failed not cali: Unmatched selector: "
2025-11-30T06:13:04.695Z [ERROR] Failed California Department of Tax and Fee Administration - Permits & Licenses: Request failed with status code 403
2025-11-30T07:07:57.430Z [ERROR] Failed undefined: Invalid URL
2025-11-30T07:21:51.518Z [ERROR] Failed New York – Issue Construction Permits (Live API – Fixed): Request failed with status code 400
2025-11-30T07:21:51.522Z [ERROR] Failed New York – Issue Construction Permits (Live API – Fixed): Request failed with status code 400
2025-11-30T07:22:28.692Z [ERROR] Failed New York – Issue Construction Permits (Live API – Fixed): Request failed with status code 400
2025-11-30T07:22:28.889Z [ERROR] Failed New York – Issue Construction Permits (Live API – Fixed): Request failed with status code 400
2025-11-30T07:22:51.611Z [ERROR] Failed undefined: Invalid URL
2025-11-30T07:22:51.815Z [ERROR] Failed undefined: Invalid URL
2025-11-30T07:23:11.543Z [ERROR] Failed undefined: Invalid URL
2025-11-30T07:23:11.565Z [ERROR] Failed undefined: Invalid URL
2025-11-30T07:23:58.587Z [ERROR] Failed NYC – DOB Permit Issuance (JSON): Request failed with status code 400
2025-11-30T07:23:58.598Z [ERROR] Failed NYC – DOB Permit Issuance (JSON): Request failed with status code 400
2025-11-30T07:24:20.089Z [ERROR] Failed NYC – DOB Permit Issuance (JSON): Request failed with status code 400
2025-11-30T07:24:39.919Z [ERROR] Failed NYC – DOB Permit Issuance (JSON): Request failed with status code 400
2025-11-30T07:24:39.939Z [ERROR] Failed NYC – DOB Permit Issuance (JSON): Request failed with status code 400
2025-11-30T07:25:01.679Z [ERROR] Failed NYC – DOB Permit Issuance (JSON): Request failed with status code 400
2025-11-30T07:25:01.749Z [ERROR] Failed NYC – DOB Permit Issuance (JSON): Request failed with status code 400
2025-11-30T07:26:01.602Z [ERROR] Failed NYC – DOB Permit Issuance (JSON): Request failed with status code 400
2025-11-30T07:26:01.602Z [ERROR] Failed NYC – DOB Permit Issuance (JSON): Request failed with status code 400
2025-11-30T07:33:12.179Z [ERROR] Failed NYC – DOB Permit Issuance (JSON): Request failed with status code 400
2025-11-30T07:33:23.553Z [ERROR] Failed NYC – DOB Permit Issuance (JSON): Request failed with status code 400
2025-11-30T10:59:35.561Z [ERROR] Failed NYC – DOB Permit Issuance (JSON): Request failed with status code 400
2025-11-30T11:00:02.490Z [ERROR] Failed NYC – DOB Permit Issuance (JSON): Request failed with status code 400
2025-11-30T11:01:04.055Z [ERROR] Failed NYC – DOB Permit Issuance (JSON): Request failed with status code 400
2025-11-30T11:01:22.997Z [ERROR] Failed NYC – DOB Permit Issuance (JSON): Request failed with status code 400
2025-11-30T13:59:43.802Z [ERROR] sources.json not found or invalid! Bad control character in string literal in JSON at position 2008 (line 56 column 10)
2025-11-30T15:38:20.238Z [ERROR] Failed Mesa AZ – Commercial Building Permits (JSON): Request failed with status code 400
2025-12-02T12:47:03.609Z [ERROR] Failed Austin TX – Issued Construction Permits (Live API – Fixed): timeout of 30000ms exceeded
2025-12-02T12:47:03.919Z [ERROR] Failed Austin TX – Issued Construction Permits (Live API – Fixed): timeout of 30000ms exceeded
2025-12-02T12:47:04.387Z [ERROR] Failed Austin TX – Issued Construction Permits (Live API – Fixed): timeout of 30000ms exceeded
